<?xml version="1.0" encoding="UTF-8"?>
<!-- Generated by org.testng.reporters.JUnitXMLReporter -->
<testsuite ignored="0" hostname="LAPTOP-DVOEQ7CI" failures="1" tests="2" name="Test" time="59.607" errors="0" timestamp="2021-11-17T15:00:54 EST">
  <testcase classname="com.WebstaurantStore.tests.WebstaurantStoreTests" name="searchForStainlessWorkTableFailedTestCase" time="22.197">
    <failure type="java.lang.AssertionError" message="expected [true] but found [false]">
      <![CDATA[java.lang.AssertionError: expected [true] but found [false]
at com.WebstaurantStore.libraries.MySeleniumLibrary.assertionByText(MySeleniumLibrary.java:286)
at com.WebstaurantStore.libraries.MySeleniumLibrary.verifyingTextOnTheSearchResults(MySeleniumLibrary.java:313)
at com.WebstaurantStore.pages.SearchResultsPage.ensuringProductItemHasTableWord(SearchResultsPage.java:21)
at com.WebstaurantStore.tests.WebstaurantStoreTests.searchForStainlessWorkTableFailedTestCase(WebstaurantStoreTests.java:19)
at java.base/java.util.ArrayList.forEach(ArrayList.java:1511)
... Removed 31 stack frames]]>
    </failure>
  </testcase> <!-- searchForStainlessWorkTableFailedTestCase -->
  <testcase classname="com.WebstaurantStore.tests.WebstaurantStoreTests" name="addTheLastItemFound" time="16.542"/>
</testsuite> <!-- Test -->
