<?xml version="1.0" encoding="UTF-8"?>
<testng-results ignored="0" total="2" passed="1" failed="1" skipped="0">
  <reporter-output>
  </reporter-output>
  <suite started-at="2021-11-17T18:42:09 EST" name="Default suite" finished-at="2021-11-17T18:44:22 EST" duration-ms="132670">
    <groups>
    </groups>
    <test started-at="2021-11-17T18:42:09 EST" name="Default test" finished-at="2021-11-17T18:44:22 EST" duration-ms="132670">
      <class name="com.WebstaurantStore.tests.WebstaurantStoreTests">
        <test-method is-config="true" signature="setUp()[pri:0, instance:com.WebstaurantStore.tests.WebstaurantStoreTests@25641d39]" started-at="2021-11-17T18:42:09 EST" name="setUp" finished-at="2021-11-17T18:42:23 EST" duration-ms="13571" status="PASS">
          <reporter-output>
          </reporter-output>
        </test-method> <!-- setUp -->
        <test-method signature="searchForStainlessWorkTableFailedTestCase()[pri:1, instance:com.WebstaurantStore.tests.WebstaurantStoreTests@25641d39]" started-at="2021-11-17T18:42:23 EST" name="searchForStainlessWorkTableFailedTestCase" finished-at="2021-11-17T18:43:27 EST" duration-ms="63612" status="FAIL">
          <exception class="java.lang.AssertionError">
            <message>
              <![CDATA[expected [true] but found [false]]]>
            </message>
            <full-stacktrace>
              <![CDATA[java.lang.AssertionError: expected [true] but found [false]
at org.testng.Assert.fail(Assert.java:99)
at org.testng.Assert.failNotEquals(Assert.java:1037)
at org.testng.Assert.assertTrue(Assert.java:45)
at org.testng.Assert.assertTrue(Assert.java:55)
at com.WebstaurantStore.libraries.MySeleniumLibrary.assertionByText(MySeleniumLibrary.java:69)
at com.WebstaurantStore.libraries.MySeleniumLibrary.verifyingTextOnTheSearchResults(MySeleniumLibrary.java:83)
at com.WebstaurantStore.pages.SearchResultsPage.ensuringProductItemHasTableWord(SearchResultsPage.java:18)
at com.WebstaurantStore.tests.WebstaurantStoreTests.searchForStainlessWorkTableFailedTestCase(WebstaurantStoreTests.java:19)
at java.base/jdk.internal.reflect.NativeMethodAccessorImpl.invoke0(Native Method)
at java.base/jdk.internal.reflect.NativeMethodAccessorImpl.invoke(NativeMethodAccessorImpl.java:64)
at java.base/jdk.internal.reflect.DelegatingMethodAccessorImpl.invoke(DelegatingMethodAccessorImpl.java:43)
at java.base/java.lang.reflect.Method.invoke(Method.java:564)
at org.testng.internal.MethodInvocationHelper.invokeMethod(MethodInvocationHelper.java:132)
at org.testng.internal.TestInvoker.invokeMethod(TestInvoker.java:599)
at org.testng.internal.TestInvoker.invokeTestMethod(TestInvoker.java:174)
at org.testng.internal.MethodRunner.runInSequence(MethodRunner.java:46)
at org.testng.internal.TestInvoker$MethodInvocationAgent.invoke(TestInvoker.java:822)
at org.testng.internal.TestInvoker.invokeTestMethods(TestInvoker.java:147)
at org.testng.internal.TestMethodWorker.invokeTestMethods(TestMethodWorker.java:146)
at org.testng.internal.TestMethodWorker.run(TestMethodWorker.java:128)
at java.base/java.util.ArrayList.forEach(ArrayList.java:1511)
at org.testng.TestRunner.privateRun(TestRunner.java:764)
at org.testng.TestRunner.run(TestRunner.java:585)
at org.testng.SuiteRunner.runTest(SuiteRunner.java:384)
at org.testng.SuiteRunner.runSequentially(SuiteRunner.java:378)
at org.testng.SuiteRunner.privateRun(SuiteRunner.java:337)
at org.testng.SuiteRunner.run(SuiteRunner.java:286)
at org.testng.SuiteRunnerWorker.runSuite(SuiteRunnerWorker.java:53)
at org.testng.SuiteRunnerWorker.run(SuiteRunnerWorker.java:96)
at org.testng.TestNG.runSuitesSequentially(TestNG.java:1218)
at org.testng.TestNG.runSuitesLocally(TestNG.java:1140)
at org.testng.TestNG.runSuites(TestNG.java:1069)
at org.testng.TestNG.run(TestNG.java:1037)
at org.testng.remote.AbstractRemoteTestNG.run(AbstractRemoteTestNG.java:115)
at org.testng.remote.RemoteTestNG.initAndRun(RemoteTestNG.java:251)
at org.testng.remote.RemoteTestNG.main(RemoteTestNG.java:77)
]]>
            </full-stacktrace>
          </exception> <!-- java.lang.AssertionError -->
          <reporter-output>
          </reporter-output>
        </test-method> <!-- searchForStainlessWorkTableFailedTestCase -->
        <test-method is-config="true" signature="closingBrowsers()[pri:0, instance:com.WebstaurantStore.tests.WebstaurantStoreTests@25641d39]" started-at="2021-11-17T18:43:27 EST" name="closingBrowsers" finished-at="2021-11-17T18:43:32 EST" duration-ms="5565" status="PASS">
          <reporter-output>
          </reporter-output>
        </test-method> <!-- closingBrowsers -->
        <test-method is-config="true" signature="setUp()[pri:0, instance:com.WebstaurantStore.tests.WebstaurantStoreTests@25641d39]" started-at="2021-11-17T18:43:32 EST" name="setUp" finished-at="2021-11-17T18:43:44 EST" duration-ms="12171" status="PASS">
          <reporter-output>
          </reporter-output>
        </test-method> <!-- setUp -->
        <test-method signature="addTheLastItemFound()[pri:2, instance:com.WebstaurantStore.tests.WebstaurantStoreTests@25641d39]" started-at="2021-11-17T18:43:44 EST" name="addTheLastItemFound" finished-at="2021-11-17T18:44:16 EST" duration-ms="31237" status="PASS">
          <reporter-output>
          </reporter-output>
        </test-method> <!-- addTheLastItemFound -->
        <test-method is-config="true" signature="closingBrowsers()[pri:0, instance:com.WebstaurantStore.tests.WebstaurantStoreTests@25641d39]" started-at="2021-11-17T18:44:16 EST" name="closingBrowsers" finished-at="2021-11-17T18:44:21 EST" duration-ms="5431" status="PASS">
          <reporter-output>
          </reporter-output>
        </test-method> <!-- closingBrowsers -->
        <test-method is-config="true" signature="cleanUpProcess()[pri:0, instance:com.WebstaurantStore.tests.WebstaurantStoreTests@25641d39]" started-at="2021-11-17T18:44:21 EST" name="cleanUpProcess" finished-at="2021-11-17T18:44:22 EST" duration-ms="878" status="PASS">
          <reporter-output>
          </reporter-output>
        </test-method> <!-- cleanUpProcess -->
      </class> <!-- com.WebstaurantStore.tests.WebstaurantStoreTests -->
    </test> <!-- Default test -->
  </suite> <!-- Default suite -->
</testng-results>
